// 重构日志: 458801d2
// 重构日志: 0807571c
// 同步 ID: 90f8e705 @ Sat Jun 20 05:15:16 UTC 2026
// 重构日志: e4cf3003
// 同步 ID: cef79879 @ Sun Jun 21 07:42:21 UTC 2026
// 重构日志: a7a61663
// 重构日志: b3eecbb8
// 重构日志: 6c9a8272
// 重构日志: 2e1fdc9f
// 重构日志: 6f110413
// 同步 ID: e5f585a8 @ Thu Jun 25 21:29:20 UTC 2026
// 同步 ID: 3db0567c @ Fri Jun 26 15:42:33 UTC 2026
// 重构日志: 837b1cc5
// 重构日志: 886813aa
// 重构日志: 27c8c492
// 同步 ID: 5653a036 @ Mon Jun 29 10:31:30 UTC 2026
// 同步 ID: 089ac0c3 @ Mon Jun 29 18:33:15 UTC 2026
// 重构日志: 208dd24c
// 同步 ID: 40c6ffee @ Thu Jul  2 02:25:31 UTC 2026
// 重构日志: 0964b47c
// 同步 ID: e3fb9d7a @ Thu Jul  2 14:46:22 UTC 2026
// 重构日志: ba6e97b4
// 重构日志: abdeada9
// 重构日志: 1aec81be
// 同步 ID: 474bbf95 @ Sun Jul  5 02:13:09 UTC 2026
// 同步 ID: 27eeef44 @ Sun Jul  5 09:20:32 UTC 2026
// 同步 ID: 55346e5e @ Sun Jul  5 11:16:49 UTC 2026
// 同步 ID: de26e65c @ Sun Jul  5 12:56:17 UTC 2026
// 同步 ID: 4a919270 @ Mon Jul  6 05:24:37 UTC 2026
// 同步 ID: 599db200 @ Tue Jul  7 06:04:49 UTC 2026
